{"/Users/themizzi/GitHub/markdown-viewer/src/fileReader.ts": {"path":"/Users/themizzi/GitHub/markdown-viewer/src/fileReader.ts","statementMap":{"0":{"start":{"line":5,"column":31},"end":{"line":5,"column":54}},"1":{"start":{"line":8,"column":4},"end":{"line":12,"column":null}},"2":{"start":{"line":9,"column":21},"end":{"line":9,"column":69}},"3":{"start":{"line":10,"column":6},"end":{"line":10,"column":null}},"4":{"start":{"line":12,"column":6},"end":{"line":12,"column":null}}},"fnMap":{"0":{"name":"(anonymous_0)","decl":{"start":{"line":5,"column":2},"end":{"line":5,"column":14}},"loc":{"start":{"line":5,"column":54},"end":{"line":null,"column":-1}}},"1":{"name":"(anonymous_1)","decl":{"start":{"line":7,"column":2},"end":{"line":7,"column":8}},"loc":{"start":{"line":7,"column":48},"end":{"line":12,"column":null}}}},"branchMap":{},"s":{"0":9,"1":8,"2":8,"3":7,"4":1},"f":{"0":9,"1":8},"b":{}}
,"/Users/themizzi/GitHub/markdown-viewer/src/fileWatcher.ts": {"path":"/Users/themizzi/GitHub/markdown-viewer/src/fileWatcher.ts","statementMap":{"0":{"start":{"line":4,"column":31},"end":{"line":4,"column":61}},"1":{"start":{"line":7,"column":4},"end":{"line":7,"column":null}},"2":{"start":{"line":19,"column":31},"end":{"line":19,"column":59}},"3":{"start":{"line":22,"column":20},"end":{"line":28,"column":6}},"4":{"start":{"line":30,"column":4},"end":{"line":30,"column":null}},"5":{"start":{"line":31,"column":4},"end":{"line":31,"column":null}},"6":{"start":{"line":32,"column":4},"end":{"line":32,"column":null}},"7":{"start":{"line":34,"column":4},"end":{"line":36,"column":null}},"8":{"start":{"line":35,"column":6},"end":{"line":35,"column":null}}},"fnMap":{"0":{"name":"(anonymous_0)","decl":{"start":{"line":4,"column":2},"end":{"line":4,"column":14}},"loc":{"start":{"line":4,"column":61},"end":{"line":null,"column":-1}}},"1":{"name":"(anonymous_1)","decl":{"start":{"line":6,"column":2},"end":{"line":6,"column":8}},"loc":{"start":{"line":6,"column":31},"end":{"line":7,"column":null}}},"2":{"name":"(anonymous_2)","decl":{"start":{"line":19,"column":2},"end":{"line":19,"column":14}},"loc":{"start":{"line":19,"column":59},"end":{"line":null,"column":-1}}},"3":{"name":"(anonymous_3)","decl":{"start":{"line":21,"column":2},"end":{"line":21,"column":8}},"loc":{"start":{"line":21,"column":76},"end":{"line":36,"column":null}}},"4":{"name":"(anonymous_4)","decl":{"start":{"line":34,"column":35},"end":{"line":34,"column":47}},"loc":{"start":{"line":34,"column":47},"end":{"line":36,"column":null}}}},"branchMap":{},"s":{"0":2,"1":1,"2":2,"3":2,"4":2,"5":2,"6":2,"7":2,"8":1},"f":{"0":2,"1":1,"2":2,"3":2,"4":1},"b":{}}
,"/Users/themizzi/GitHub/markdown-viewer/src/htmlRenderer.ts": {"path":"/Users/themizzi/GitHub/markdown-viewer/src/htmlRenderer.ts","statementMap":{"0":{"start":{"line":8,"column":17},"end":{"line":8,"column":48}},"1":{"start":{"line":9,"column":4},"end":{"line":10,"column":null}},"2":{"start":{"line":10,"column":6},"end":{"line":10,"column":null}},"3":{"start":{"line":12,"column":4},"end":{"line":12,"column":null}},"4":{"start":{"line":13,"column":4},"end":{"line":13,"column":null}},"5":{"start":{"line":17,"column":4},"end":{"line":17,"column":null}},"6":{"start":{"line":18,"column":4},"end":{"line":19,"column":null}},"7":{"start":{"line":19,"column":6},"end":{"line":19,"column":null}},"8":{"start":{"line":21,"column":4},"end":{"line":26,"column":null}},"9":{"start":{"line":23,"column":24},"end":{"line":23,"column":74}},"10":{"start":{"line":24,"column":8},"end":{"line":24,"column":null}}},"fnMap":{"0":{"name":"(anonymous_0)","decl":{"start":{"line":7,"column":2},"end":{"line":7,"column":14}},"loc":{"start":{"line":7,"column":67},"end":{"line":13,"column":null}}},"1":{"name":"(anonymous_1)","decl":{"start":{"line":16,"column":2},"end":{"line":16,"column":8}},"loc":{"start":{"line":16,"column":44},"end":{"line":26,"column":null}}},"2":{"name":"(anonymous_2)","decl":{"start":{"line":22,"column":28},"end":{"line":22,"column":33}},"loc":{"start":{"line":22,"column":46},"end":{"line":25,"column":null}}}},"branchMap":{"0":{"loc":{"start":{"line":9,"column":4},"end":{"line":10,"column":null}},"type":"if","locations":[{"start":{"line":9,"column":4},"end":{"line":10,"column":null}},{"start":{},"end":{}}]},"1":{"loc":{"start":{"line":24,"column":15},"end":{"line":24,"column":42}},"type":"binary-expr","locations":[{"start":{"line":24,"column":15},"end":{"line":24,"column":25}},{"start":{"line":24,"column":25},"end":{"line":24,"column":42}}]}},"s":{"0":7,"1":7,"2":1,"3":6,"4":6,"5":6,"6":6,"7":6,"8":6,"9":6,"10":6},"f":{"0":7,"1":6,"2":6},"b":{"0":[1,6],"1":[6,3]}}
,"/Users/themizzi/GitHub/markdown-viewer/src/markdownService.ts": {"path":"/Users/themizzi/GitHub/markdown-viewer/src/markdownService.ts","statementMap":{"0":{"start":{"line":7,"column":31},"end":{"line":7,"column":55}},"1":{"start":{"line":10,"column":4},"end":{"line":10,"column":null}}},"fnMap":{"0":{"name":"(anonymous_0)","decl":{"start":{"line":7,"column":2},"end":{"line":7,"column":14}},"loc":{"start":{"line":7,"column":55},"end":{"line":null,"column":-1}}},"1":{"name":"(anonymous_1)","decl":{"start":{"line":9,"column":2},"end":{"line":9,"column":9}},"loc":{"start":{"line":9,"column":35},"end":{"line":10,"column":null}}}},"branchMap":{},"s":{"0":3,"1":3},"f":{"0":3,"1":3},"b":{}}
,"/Users/themizzi/GitHub/markdown-viewer/src/mermaidRenderer.ts": {"path":"/Users/themizzi/GitHub/markdown-viewer/src/mermaidRenderer.ts","statementMap":{"0":{"start":{"line":7,"column":4},"end":{"line":7,"column":null}},"1":{"start":{"line":11,"column":4},"end":{"line":15,"column":null}},"2":{"start":{"line":19,"column":23},"end":{"line":19,"column":80}},"3":{"start":{"line":21,"column":4},"end":{"line":29,"column":null}},"4":{"start":{"line":22,"column":18},"end":{"line":22,"column":null}},"5":{"start":{"line":23,"column":6},"end":{"line":23,"column":null}},"6":{"start":{"line":23,"column":16},"end":{"line":23,"column":null}},"7":{"start":{"line":25,"column":18},"end":{"line":25,"column":47}},"8":{"start":{"line":26,"column":6},"end":{"line":26,"column":null}},"9":{"start":{"line":27,"column":6},"end":{"line":27,"column":null}},"10":{"start":{"line":28,"column":6},"end":{"line":28,"column":null}},"11":{"start":{"line":33,"column":4},"end":{"line":33,"column":null}}},"fnMap":{"0":{"name":"(anonymous_0)","decl":{"start":{"line":6,"column":2},"end":{"line":6,"column":14}},"loc":{"start":{"line":6,"column":35},"end":{"line":7,"column":null}}},"1":{"name":"(anonymous_1)","decl":{"start":{"line":10,"column":2},"end":{"line":10,"column":21}},"loc":{"start":{"line":10,"column":21},"end":{"line":15,"column":null}}},"2":{"name":"(anonymous_2)","decl":{"start":{"line":18,"column":2},"end":{"line":18,"column":10}},"loc":{"start":{"line":18,"column":40},"end":{"line":29,"column":null}}},"3":{"name":"(anonymous_3)","decl":{"start":{"line":21,"column":15},"end":{"line":21,"column":24}},"loc":{"start":{"line":21,"column":33},"end":{"line":29,"column":null}}},"4":{"name":"(anonymous_4)","decl":{"start":{"line":32,"column":2},"end":{"line":32,"column":8}},"loc":{"start":{"line":32,"column":29},"end":{"line":33,"column":null}}}},"branchMap":{"0":{"loc":{"start":{"line":23,"column":6},"end":{"line":23,"column":null}},"type":"if","locations":[{"start":{"line":23,"column":6},"end":{"line":23,"column":null}},{"start":{},"end":{}}]},"1":{"loc":{"start":{"line":27,"column":24},"end":{"line":27,"column":null}},"type":"binary-expr","locations":[{"start":{"line":27,"column":24},"end":{"line":27,"column":44}},{"start":{"line":27,"column":44},"end":{"line":27,"column":null}}]}},"s":{"0":8,"1":1,"2":5,"3":5,"4":4,"5":4,"6":1,"7":3,"8":3,"9":3,"10":3,"11":2},"f":{"0":8,"1":1,"2":5,"3":4,"4":2},"b":{"0":[1,3],"1":[3,1]}}
,"/Users/themizzi/GitHub/markdown-viewer/src/viewerController.ts": {"path":"/Users/themizzi/GitHub/markdown-viewer/src/viewerController.ts","statementMap":{"0":{"start":{"line":9,"column":23},"end":{"line":9,"column":null}},"1":{"start":{"line":10,"column":44},"end":{"line":10,"column":null}},"2":{"start":{"line":11,"column":21},"end":{"line":11,"column":null}},"3":{"start":{"line":14,"column":21},"end":{"line":14,"column":null}},"4":{"start":{"line":15,"column":21},"end":{"line":15,"column":null}},"5":{"start":{"line":16,"column":21},"end":{"line":16,"column":null}},"6":{"start":{"line":17,"column":21},"end":{"line":17,"column":null}},"7":{"start":{"line":21,"column":4},"end":{"line":21,"column":null}},"8":{"start":{"line":25,"column":4},"end":{"line":25,"column":null}},"9":{"start":{"line":26,"column":4},"end":{"line":26,"column":null}},"10":{"start":{"line":27,"column":4},"end":{"line":29,"column":null}},"11":{"start":{"line":28,"column":6},"end":{"line":28,"column":null}},"12":{"start":{"line":33,"column":4},"end":{"line":35,"column":null}},"13":{"start":{"line":34,"column":6},"end":{"line":34,"column":null}},"14":{"start":{"line":35,"column":6},"end":{"line":35,"column":null}},"15":{"start":{"line":40,"column":21},"end":{"line":40,"column":62}},"16":{"start":{"line":41,"column":4},"end":{"line":41,"column":null}},"17":{"start":{"line":42,"column":4},"end":{"line":42,"column":null}}},"fnMap":{"0":{"name":"(anonymous_0)","decl":{"start":{"line":13,"column":2},"end":{"line":13,"column":null}},"loc":{"start":{"line":18,"column":4},"end":{"line":17,"column":null}}},"1":{"name":"(anonymous_1)","decl":{"start":{"line":20,"column":2},"end":{"line":20,"column":20}},"loc":{"start":{"line":20,"column":20},"end":{"line":21,"column":null}}},"2":{"name":"(anonymous_2)","decl":{"start":{"line":24,"column":2},"end":{"line":24,"column":8}},"loc":{"start":{"line":24,"column":47},"end":{"line":29,"column":null}}},"3":{"name":"(anonymous_3)","decl":{"start":{"line":27,"column":57},"end":{"line":27,"column":73}},"loc":{"start":{"line":27,"column":73},"end":{"line":29,"column":null}}},"4":{"name":"(anonymous_4)","decl":{"start":{"line":32,"column":2},"end":{"line":32,"column":8}},"loc":{"start":{"line":32,"column":30},"end":{"line":35,"column":null}}},"5":{"name":"(anonymous_5)","decl":{"start":{"line":39,"column":2},"end":{"line":39,"column":16}},"loc":{"start":{"line":39,"column":41},"end":{"line":42,"column":null}}}},"branchMap":{"0":{"loc":{"start":{"line":33,"column":4},"end":{"line":35,"column":null}},"type":"if","locations":[{"start":{"line":33,"column":4},"end":{"line":35,"column":null}},{"start":{},"end":{}}]}},"s":{"0":7,"1":7,"2":7,"3":7,"4":7,"5":7,"6":7,"7":2,"8":5,"9":5,"10":5,"11":1,"12":2,"13":1,"14":1,"15":6,"16":6,"17":6},"f":{"0":7,"1":2,"2":5,"3":1,"4":2,"5":6},"b":{"0":[1,1]}}
}
