TN:
SF:src/fileReader.ts
FN:5,(anonymous_0)
FN:7,(anonymous_1)
FNF:2
FNH:2
FNDA:9,(anonymous_0)
FNDA:8,(anonymous_1)
DA:5,9
DA:8,8
DA:9,8
DA:10,7
DA:12,1
LF:5
LH:5
BRF:0
BRH:0
end_of_record
TN:
SF:src/fileWatcher.ts
FN:4,(anonymous_0)
FN:6,(anonymous_1)
FN:19,(anonymous_2)
FN:21,(anonymous_3)
FN:34,(anonymous_4)
FNF:5
FNH:5
FNDA:2,(anonymous_0)
FNDA:1,(anonymous_1)
FNDA:2,(anonymous_2)
FNDA:2,(anonymous_3)
FNDA:1,(anonymous_4)
DA:4,2
DA:7,1
DA:19,2
DA:22,2
DA:30,2
DA:31,2
DA:32,2
DA:34,2
DA:35,1
LF:9
LH:9
BRF:0
BRH:0
end_of_record
TN:
SF:src/htmlRenderer.ts
FN:7,(anonymous_0)
FN:16,(anonymous_1)
FN:22,(anonymous_2)
FNF:3
FNH:3
FNDA:7,(anonymous_0)
FNDA:6,(anonymous_1)
FNDA:6,(anonymous_2)
DA:8,7
DA:9,7
DA:10,1
DA:12,6
DA:13,6
DA:17,6
DA:18,6
DA:19,6
DA:21,6
DA:23,6
DA:24,6
LF:11
LH:11
BRDA:9,0,0,1
BRDA:9,0,1,6
BRDA:24,1,0,6
BRDA:24,1,1,3
BRF:4
BRH:4
end_of_record
TN:
SF:src/markdownService.ts
FN:7,(anonymous_0)
FN:9,(anonymous_1)
FNF:2
FNH:2
FNDA:3,(anonymous_0)
FNDA:3,(anonymous_1)
DA:7,3
DA:10,3
LF:2
LH:2
BRF:0
BRH:0
end_of_record
TN:
SF:src/mermaidRenderer.ts
FN:6,(anonymous_0)
FN:10,(anonymous_1)
FN:18,(anonymous_2)
FN:21,(anonymous_3)
FN:32,(anonymous_4)
FNF:5
FNH:5
FNDA:8,(anonymous_0)
FNDA:1,(anonymous_1)
FNDA:5,(anonymous_2)
FNDA:4,(anonymous_3)
FNDA:2,(anonymous_4)
DA:7,8
DA:11,1
DA:19,5
DA:21,5
DA:22,4
DA:23,4
DA:25,3
DA:26,3
DA:27,3
DA:28,3
DA:33,2
LF:11
LH:11
BRDA:23,0,0,1
BRDA:23,0,1,3
BRDA:27,1,0,3
BRDA:27,1,1,1
BRF:4
BRH:4
end_of_record
TN:
SF:src/viewerController.ts
FN:13,(anonymous_0)
FN:20,(anonymous_1)
FN:24,(anonymous_2)
FN:27,(anonymous_3)
FN:32,(anonymous_4)
FN:39,(anonymous_5)
FNF:6
FNH:6
FNDA:7,(anonymous_0)
FNDA:2,(anonymous_1)
FNDA:5,(anonymous_2)
FNDA:1,(anonymous_3)
FNDA:2,(anonymous_4)
FNDA:6,(anonymous_5)
DA:9,7
DA:10,7
DA:11,7
DA:14,7
DA:15,7
DA:16,7
DA:17,7
DA:21,2
DA:25,5
DA:26,5
DA:27,5
DA:28,1
DA:33,2
DA:34,1
DA:35,1
DA:40,6
DA:41,6
DA:42,6
LF:18
LH:18
BRDA:33,0,0,1
BRDA:33,0,1,1
BRF:2
BRH:2
end_of_record
